  FCFS.cpp
E:\CUFE\Spring 2023\Data Structures and Algorithms\Project\4-7_T08 phase 2\CPUScheduler\CPUScheduler\BTree.h(173,21): warning C4566: character represented by universal-character-name '\u251C' cannot be represented in the current code page (1252)
E:\CUFE\Spring 2023\Data Structures and Algorithms\Project\4-7_T08 phase 2\CPUScheduler\CPUScheduler\BTree.h(173,21): warning C4566: character represented by universal-character-name '\u2500' cannot be represented in the current code page (1252)
E:\CUFE\Spring 2023\Data Structures and Algorithms\Project\4-7_T08 phase 2\CPUScheduler\CPUScheduler\BTree.h(173,36): warning C4566: character represented by universal-character-name '\u2514' cannot be represented in the current code page (1252)
E:\CUFE\Spring 2023\Data Structures and Algorithms\Project\4-7_T08 phase 2\CPUScheduler\CPUScheduler\BTree.h(173,36): warning C4566: character represented by universal-character-name '\u2500' cannot be represented in the current code page (1252)
E:\CUFE\Spring 2023\Data Structures and Algorithms\Project\4-7_T08 phase 2\CPUScheduler\CPUScheduler\BTree.h(179,34): warning C4566: character represented by universal-character-name '\u2502' cannot be represented in the current code page (1252)
E:\CUFE\Spring 2023\Data Structures and Algorithms\Project\4-7_T08 phase 2\CPUScheduler\CPUScheduler\BTree.h(180,34): warning C4566: character represented by universal-character-name '\u2502' cannot be represented in the current code page (1252)
E:\CUFE\Spring 2023\Data Structures and Algorithms\Project\4-7_T08 phase 2\CPUScheduler\CPUScheduler\FCFS.cpp(55,12): warning C4244: 'argument': conversion from 'time_t' to 'unsigned int', possible loss of data
  main.cpp
E:\CUFE\Spring 2023\Data Structures and Algorithms\Project\4-7_T08 phase 2\CPUScheduler\CPUScheduler\BTree.h(173,21): warning C4566: character represented by universal-character-name '\u251C' cannot be represented in the current code page (1252)
E:\CUFE\Spring 2023\Data Structures and Algorithms\Project\4-7_T08 phase 2\CPUScheduler\CPUScheduler\BTree.h(173,21): warning C4566: character represented by universal-character-name '\u2500' cannot be represented in the current code page (1252)
E:\CUFE\Spring 2023\Data Structures and Algorithms\Project\4-7_T08 phase 2\CPUScheduler\CPUScheduler\BTree.h(173,36): warning C4566: character represented by universal-character-name '\u2514' cannot be represented in the current code page (1252)
E:\CUFE\Spring 2023\Data Structures and Algorithms\Project\4-7_T08 phase 2\CPUScheduler\CPUScheduler\BTree.h(173,36): warning C4566: character represented by universal-character-name '\u2500' cannot be represented in the current code page (1252)
E:\CUFE\Spring 2023\Data Structures and Algorithms\Project\4-7_T08 phase 2\CPUScheduler\CPUScheduler\BTree.h(179,34): warning C4566: character represented by universal-character-name '\u2502' cannot be represented in the current code page (1252)
E:\CUFE\Spring 2023\Data Structures and Algorithms\Project\4-7_T08 phase 2\CPUScheduler\CPUScheduler\BTree.h(180,34): warning C4566: character represented by universal-character-name '\u2502' cannot be represented in the current code page (1252)
  Process.cpp
E:\CUFE\Spring 2023\Data Structures and Algorithms\Project\4-7_T08 phase 2\CPUScheduler\CPUScheduler\BTree.h(173,21): warning C4566: character represented by universal-character-name '\u251C' cannot be represented in the current code page (1252)
E:\CUFE\Spring 2023\Data Structures and Algorithms\Project\4-7_T08 phase 2\CPUScheduler\CPUScheduler\BTree.h(173,21): warning C4566: character represented by universal-character-name '\u2500' cannot be represented in the current code page (1252)
E:\CUFE\Spring 2023\Data Structures and Algorithms\Project\4-7_T08 phase 2\CPUScheduler\CPUScheduler\BTree.h(173,36): warning C4566: character represented by universal-character-name '\u2514' cannot be represented in the current code page (1252)
E:\CUFE\Spring 2023\Data Structures and Algorithms\Project\4-7_T08 phase 2\CPUScheduler\CPUScheduler\BTree.h(173,36): warning C4566: character represented by universal-character-name '\u2500' cannot be represented in the current code page (1252)
E:\CUFE\Spring 2023\Data Structures and Algorithms\Project\4-7_T08 phase 2\CPUScheduler\CPUScheduler\BTree.h(179,34): warning C4566: character represented by universal-character-name '\u2502' cannot be represented in the current code page (1252)
E:\CUFE\Spring 2023\Data Structures and Algorithms\Project\4-7_T08 phase 2\CPUScheduler\CPUScheduler\BTree.h(180,34): warning C4566: character represented by universal-character-name '\u2502' cannot be represented in the current code page (1252)
  Processor.cpp
E:\CUFE\Spring 2023\Data Structures and Algorithms\Project\4-7_T08 phase 2\CPUScheduler\CPUScheduler\BTree.h(173,21): warning C4566: character represented by universal-character-name '\u251C' cannot be represented in the current code page (1252)
E:\CUFE\Spring 2023\Data Structures and Algorithms\Project\4-7_T08 phase 2\CPUScheduler\CPUScheduler\BTree.h(173,21): warning C4566: character represented by universal-character-name '\u2500' cannot be represented in the current code page (1252)
E:\CUFE\Spring 2023\Data Structures and Algorithms\Project\4-7_T08 phase 2\CPUScheduler\CPUScheduler\BTree.h(173,36): warning C4566: character represented by universal-character-name '\u2514' cannot be represented in the current code page (1252)
E:\CUFE\Spring 2023\Data Structures and Algorithms\Project\4-7_T08 phase 2\CPUScheduler\CPUScheduler\BTree.h(173,36): warning C4566: character represented by universal-character-name '\u2500' cannot be represented in the current code page (1252)
E:\CUFE\Spring 2023\Data Structures and Algorithms\Project\4-7_T08 phase 2\CPUScheduler\CPUScheduler\BTree.h(179,34): warning C4566: character represented by universal-character-name '\u2502' cannot be represented in the current code page (1252)
E:\CUFE\Spring 2023\Data Structures and Algorithms\Project\4-7_T08 phase 2\CPUScheduler\CPUScheduler\BTree.h(180,34): warning C4566: character represented by universal-character-name '\u2502' cannot be represented in the current code page (1252)
  RR.cpp
E:\CUFE\Spring 2023\Data Structures and Algorithms\Project\4-7_T08 phase 2\CPUScheduler\CPUScheduler\BTree.h(173,21): warning C4566: character represented by universal-character-name '\u251C' cannot be represented in the current code page (1252)
E:\CUFE\Spring 2023\Data Structures and Algorithms\Project\4-7_T08 phase 2\CPUScheduler\CPUScheduler\BTree.h(173,21): warning C4566: character represented by universal-character-name '\u2500' cannot be represented in the current code page (1252)
E:\CUFE\Spring 2023\Data Structures and Algorithms\Project\4-7_T08 phase 2\CPUScheduler\CPUScheduler\BTree.h(173,36): warning C4566: character represented by universal-character-name '\u2514' cannot be represented in the current code page (1252)
E:\CUFE\Spring 2023\Data Structures and Algorithms\Project\4-7_T08 phase 2\CPUScheduler\CPUScheduler\BTree.h(173,36): warning C4566: character represented by universal-character-name '\u2500' cannot be represented in the current code page (1252)
E:\CUFE\Spring 2023\Data Structures and Algorithms\Project\4-7_T08 phase 2\CPUScheduler\CPUScheduler\BTree.h(179,34): warning C4566: character represented by universal-character-name '\u2502' cannot be represented in the current code page (1252)
E:\CUFE\Spring 2023\Data Structures and Algorithms\Project\4-7_T08 phase 2\CPUScheduler\CPUScheduler\BTree.h(180,34): warning C4566: character represented by universal-character-name '\u2502' cannot be represented in the current code page (1252)
  Scheduler.cpp
E:\CUFE\Spring 2023\Data Structures and Algorithms\Project\4-7_T08 phase 2\CPUScheduler\CPUScheduler\BTree.h(173,21): warning C4566: character represented by universal-character-name '\u251C' cannot be represented in the current code page (1252)
E:\CUFE\Spring 2023\Data Structures and Algorithms\Project\4-7_T08 phase 2\CPUScheduler\CPUScheduler\BTree.h(173,21): warning C4566: character represented by universal-character-name '\u2500' cannot be represented in the current code page (1252)
E:\CUFE\Spring 2023\Data Structures and Algorithms\Project\4-7_T08 phase 2\CPUScheduler\CPUScheduler\BTree.h(173,36): warning C4566: character represented by universal-character-name '\u2514' cannot be represented in the current code page (1252)
E:\CUFE\Spring 2023\Data Structures and Algorithms\Project\4-7_T08 phase 2\CPUScheduler\CPUScheduler\BTree.h(173,36): warning C4566: character represented by universal-character-name '\u2500' cannot be represented in the current code page (1252)
E:\CUFE\Spring 2023\Data Structures and Algorithms\Project\4-7_T08 phase 2\CPUScheduler\CPUScheduler\BTree.h(179,34): warning C4566: character represented by universal-character-name '\u2502' cannot be represented in the current code page (1252)
E:\CUFE\Spring 2023\Data Structures and Algorithms\Project\4-7_T08 phase 2\CPUScheduler\CPUScheduler\BTree.h(180,34): warning C4566: character represented by universal-character-name '\u2502' cannot be represented in the current code page (1252)
E:\CUFE\Spring 2023\Data Structures and Algorithms\Project\4-7_T08 phase 2\CPUScheduler\CPUScheduler\Scheduler.cpp(215,55): warning C4244: '=': conversion from 'double' to 'int', possible loss of data
E:\CUFE\Spring 2023\Data Structures and Algorithms\Project\4-7_T08 phase 2\CPUScheduler\CPUScheduler\Scheduler.cpp(216,50): warning C4244: '=': conversion from 'double' to 'int', possible loss of data
E:\CUFE\Spring 2023\Data Structures and Algorithms\Project\4-7_T08 phase 2\CPUScheduler\CPUScheduler\Scheduler.cpp(217,50): warning C4244: '=': conversion from 'double' to 'int', possible loss of data
E:\CUFE\Spring 2023\Data Structures and Algorithms\Project\4-7_T08 phase 2\CPUScheduler\CPUScheduler\Scheduler.cpp(732,52): warning C4244: '=': conversion from 'double' to 'int', possible loss of data
E:\CUFE\Spring 2023\Data Structures and Algorithms\Project\4-7_T08 phase 2\CPUScheduler\CPUScheduler\Scheduler.cpp(741,45): warning C4244: '=': conversion from 'double' to 'int', possible loss of data
  SJF.cpp
E:\CUFE\Spring 2023\Data Structures and Algorithms\Project\4-7_T08 phase 2\CPUScheduler\CPUScheduler\BTree.h(173,21): warning C4566: character represented by universal-character-name '\u251C' cannot be represented in the current code page (1252)
E:\CUFE\Spring 2023\Data Structures and Algorithms\Project\4-7_T08 phase 2\CPUScheduler\CPUScheduler\BTree.h(173,21): warning C4566: character represented by universal-character-name '\u2500' cannot be represented in the current code page (1252)
E:\CUFE\Spring 2023\Data Structures and Algorithms\Project\4-7_T08 phase 2\CPUScheduler\CPUScheduler\BTree.h(173,36): warning C4566: character represented by universal-character-name '\u2514' cannot be represented in the current code page (1252)
E:\CUFE\Spring 2023\Data Structures and Algorithms\Project\4-7_T08 phase 2\CPUScheduler\CPUScheduler\BTree.h(173,36): warning C4566: character represented by universal-character-name '\u2500' cannot be represented in the current code page (1252)
E:\CUFE\Spring 2023\Data Structures and Algorithms\Project\4-7_T08 phase 2\CPUScheduler\CPUScheduler\BTree.h(179,34): warning C4566: character represented by universal-character-name '\u2502' cannot be represented in the current code page (1252)
E:\CUFE\Spring 2023\Data Structures and Algorithms\Project\4-7_T08 phase 2\CPUScheduler\CPUScheduler\BTree.h(180,34): warning C4566: character represented by universal-character-name '\u2502' cannot be represented in the current code page (1252)
  UI.cpp
E:\CUFE\Spring 2023\Data Structures and Algorithms\Project\4-7_T08 phase 2\CPUScheduler\CPUScheduler\BTree.h(173,21): warning C4566: character represented by universal-character-name '\u251C' cannot be represented in the current code page (1252)
E:\CUFE\Spring 2023\Data Structures and Algorithms\Project\4-7_T08 phase 2\CPUScheduler\CPUScheduler\BTree.h(173,21): warning C4566: character represented by universal-character-name '\u2500' cannot be represented in the current code page (1252)
E:\CUFE\Spring 2023\Data Structures and Algorithms\Project\4-7_T08 phase 2\CPUScheduler\CPUScheduler\BTree.h(173,36): warning C4566: character represented by universal-character-name '\u2514' cannot be represented in the current code page (1252)
E:\CUFE\Spring 2023\Data Structures and Algorithms\Project\4-7_T08 phase 2\CPUScheduler\CPUScheduler\BTree.h(173,36): warning C4566: character represented by universal-character-name '\u2500' cannot be represented in the current code page (1252)
E:\CUFE\Spring 2023\Data Structures and Algorithms\Project\4-7_T08 phase 2\CPUScheduler\CPUScheduler\BTree.h(179,34): warning C4566: character represented by universal-character-name '\u2502' cannot be represented in the current code page (1252)
E:\CUFE\Spring 2023\Data Structures and Algorithms\Project\4-7_T08 phase 2\CPUScheduler\CPUScheduler\BTree.h(180,34): warning C4566: character represented by universal-character-name '\u2502' cannot be represented in the current code page (1252)
  Generating Code...
E:\CUFE\Spring 2023\Data Structures and Algorithms\Project\4-7_T08 phase 2\CPUScheduler\CPUScheduler\UI.cpp(79): warning C4715: 'UI::UpdateInterface': not all control paths return a value
E:\CUFE\Spring 2023\Data Structures and Algorithms\Project\4-7_T08 phase 2\CPUScheduler\CPUScheduler\FCFS.cpp(114): warning C4715: 'FCFS::KillSignalID': not all control paths return a value
  CPUScheduler.vcxproj -> E:\CUFE\Spring 2023\Data Structures and Algorithms\Project\4-7_T08 phase 2\CPUScheduler\x64\Debug\CPUScheduler.exe
